0 info it worked if it ends with ok
1 verbose cli [ '/usr/local/Cellar/node/6.3.0/bin/node',
1 verbose cli   '/Users/brianburns/.node_modules_global/bin/npm',
1 verbose cli   'start' ]
2 info using npm@3.10.6
3 info using node@v6.3.0
4 verbose run-script [ 'prestart', 'start', 'poststart' ]
5 info lifecycle 2-nfl-app@1.0.0~prestart: 2-nfl-app@1.0.0
6 silly lifecycle 2-nfl-app@1.0.0~prestart: no script for prestart, continuing
7 info lifecycle 2-nfl-app@1.0.0~start: 2-nfl-app@1.0.0
8 verbose lifecycle 2-nfl-app@1.0.0~start: unsafe-perm in lifecycle true
9 verbose lifecycle 2-nfl-app@1.0.0~start: PATH: /Users/brianburns/.node_modules_global/lib/node_modules/npm/bin/node-gyp-bin:/Users/brianburns/workspaces/NodeJS/Express Projects/2-nfl-app/node_modules/.bin:/usr/local/Cellar/node/6.3.0/bin:/Users/brianburns/.node_modules_global/bin:/Users/brianburns/bin:/Users/brianburns/.rvm/gems/ruby-2.3.0/bin:/Users/brianburns/.rvm/gems/ruby-2.3.0@global/bin:/Users/brianburns/.rvm/rubies/ruby-2.3.0/bin:/usr/local/sbin:/usr/local/bin:/usr/bin:/bin:/usr/sbin:/sbin:/opt/X11/bin:/Library/Frameworks/Mono.framework/Versions/Current/Commands:/usr/local/munki:/Users/brianburns/.rvm/bin:/Users/brianburns/golang/bin:/usr/local/go/bin:GOROOT/bin
10 verbose lifecycle 2-nfl-app@1.0.0~start: CWD: /Users/brianburns/workspaces/NodeJS/Express Projects/2-nfl-app
11 silly lifecycle 2-nfl-app@1.0.0~start: Args: [ '-c', 'node app.js' ]
12 silly lifecycle 2-nfl-app@1.0.0~start: Returned: code: 1  signal: null
13 info lifecycle 2-nfl-app@1.0.0~start: Failed to exec start script
14 verbose stack Error: 2-nfl-app@1.0.0 start: `node app.js`
14 verbose stack Exit status 1
14 verbose stack     at EventEmitter.<anonymous> (/Users/brianburns/.node_modules_global/lib/node_modules/npm/lib/utils/lifecycle.js:255:16)
14 verbose stack     at emitTwo (events.js:106:13)
14 verbose stack     at EventEmitter.emit (events.js:191:7)
14 verbose stack     at ChildProcess.<anonymous> (/Users/brianburns/.node_modules_global/lib/node_modules/npm/lib/utils/spawn.js:40:14)
14 verbose stack     at emitTwo (events.js:106:13)
14 verbose stack     at ChildProcess.emit (events.js:191:7)
14 verbose stack     at maybeClose (internal/child_process.js:852:16)
14 verbose stack     at Process.ChildProcess._handle.onexit (internal/child_process.js:215:5)
15 verbose pkgid 2-nfl-app@1.0.0
16 verbose cwd /Users/brianburns/workspaces/NodeJS/Express Projects/2-nfl-app
17 error Darwin 15.6.0
18 error argv "/usr/local/Cellar/node/6.3.0/bin/node" "/Users/brianburns/.node_modules_global/bin/npm" "start"
19 error node v6.3.0
20 error npm  v3.10.6
21 error code ELIFECYCLE
22 error 2-nfl-app@1.0.0 start: `node app.js`
22 error Exit status 1
23 error Failed at the 2-nfl-app@1.0.0 start script 'node app.js'.
23 error Make sure you have the latest version of node.js and npm installed.
23 error If you do, this is most likely a problem with the 2-nfl-app package,
23 error not with npm itself.
23 error Tell the author that this fails on your system:
23 error     node app.js
23 error You can get information on how to open an issue for this project with:
23 error     npm bugs 2-nfl-app
23 error Or if that isn't available, you can get their info via:
23 error     npm owner ls 2-nfl-app
23 error There is likely additional logging output above.
24 verbose exit [ 1, true ]
